[    0.000000] Initializing cgroup subsys cpuset
[    0.000000] Initializing cgroup subsys cpu
[    0.000000] Initializing cgroup subsys cpuacct
[    0.000000] Linux version 4.4.0-104-generic (buildd@lgw01-amd64-022) (gcc version 5.4.0 20160609 (Ubuntu 5.4.0-6ubuntu1~16.04.5) ) #127-Ubuntu SMP Mon Dec 11 12:16:42 UTC 2017 (Ubuntu 4.4.0-104.127-generic 4.4.98)
[    0.000000] Command line: BOOT_IMAGE=/boot/vmlinuz-4.4.0-104-generic root=UUID=09cea002-3bc0-41b2-81b5-2cbf8b138eb7 ro console=tty1 console=ttyS0
[    0.000000] KERNEL supported cpus:
[    0.000000]   Intel GenuineIntel
[    0.000000]   AMD AuthenticAMD
[    0.000000]   Centaur CentaurHauls
[    0.000000] x86/fpu: xstate_offset[2]:  576, xstate_sizes[2]:  256
[    0.000000] x86/fpu: Supporting XSAVE feature 0x01: 'x87 floating point registers'
[    0.000000] x86/fpu: Supporting XSAVE feature 0x02: 'SSE registers'
[    0.000000] x86/fpu: Supporting XSAVE feature 0x04: 'AVX registers'
[    0.000000] x86/fpu: Enabled xstate features 0x7, context size is 832 bytes, using 'standard' format.
[    0.000000] x86/fpu: Using 'lazy' FPU context switches.
[    0.000000] e820: BIOS-provided physical RAM map:
[    0.000000] BIOS-e820: [mem 0x0000000000000000-0x000000000009fbff] usable
[    0.000000] BIOS-e820: [mem 0x000000000009fc00-0x000000000009ffff] reserved
[    0.000000] BIOS-e820: [mem 0x00000000000f0000-0x00000000000fffff] reserved
[    0.000000] BIOS-e820: [mem 0x0000000000100000-0x000000003ffeffff] usable
[    0.000000] BIOS-e820: [mem 0x000000003fff0000-0x000000003fffffff] ACPI data
[    0.000000] BIOS-e820: [mem 0x00000000fec00000-0x00000000fec00fff] reserved
[    0.000000] BIOS-e820: [mem 0x00000000fee00000-0x00000000fee00fff] reserved
[    0.000000] BIOS-e820: [mem 0x00000000fffc0000-0x00000000ffffffff] reserved
[    0.000000] NX (Execute Disable) protection: active
[    0.000000] SMBIOS 2.5 present.
[    0.000000] Hypervisor detected: KVM
[    0.000000] e820: last_pfn = 0x3fff0 max_arch_pfn = 0x400000000
[    0.000000] MTRR: Disabled
[    0.000000] x86/PAT: MTRRs disabled, skipping PAT initialization too.
[    0.000000] CPU MTRRs all blank - virtualized system.
[    0.000000] x86/PAT: Configuration [0-7]: WB  WT  UC- UC  WB  WT  UC- UC  
[    0.000000] found SMP MP-table at [mem 0x0009fff0-0x0009ffff] mapped at [ffff88000009fff0]
[    0.000000] Scanning 1 areas for low memory corruption
[    0.000000] RAMDISK: [mem 0x36adc000-0x37565fff]
[    0.000000] ACPI: Early table checksum verification disabled
[    0.000000] ACPI: RSDP 0x00000000000E0000 000024 (v02 VBOX  )
[    0.000000] ACPI: XSDT 0x000000003FFF0030 00003C (v01 VBOX   VBOXXSDT 00000001 ASL  00000061)
[    0.000000] ACPI: FACP 0x000000003FFF00F0 0000F4 (v04 VBOX   VBOXFACP 00000001 ASL  00000061)
[    0.000000] ACPI: DSDT 0x000000003FFF0470 0021C8 (v02 VBOX   VBOXBIOS 00000002 INTL 20100528)
[    0.000000] ACPI: FACS 0x000000003FFF0200 000040
[    0.000000] ACPI: FACS 0x000000003FFF0200 000040
[    0.000000] ACPI: APIC 0x000000003FFF0240 00005C (v02 VBOX   VBOXAPIC 00000001 ASL  00000061)
[    0.000000] ACPI: SSDT 0x000000003FFF02A0 0001CC (v01 VBOX   VBOXCPUT 00000002 INTL 20100528)
[    0.000000] No NUMA configuration found
[    0.000000] Faking a node at [mem 0x0000000000000000-0x000000003ffeffff]
[    0.000000] NODE_DATA(0) allocated [mem 0x3ffeb000-0x3ffeffff]
[    0.000000] kvm-clock: Using msrs 4b564d01 and 4b564d00
[    0.000000] kvm-clock: cpu 0, msr 0:3ffe3001, primary cpu clock
[    0.000000] kvm-clock: using sched offset of 7283045634 cycles
[    0.000000] clocksource: kvm-clock: mask: 0xffffffffffffffff max_cycles: 0x1cd42e4dffb, max_idle_ns: 881590591483 ns
[    0.000000] Zone ranges:
[    0.000000]   DMA      [mem 0x0000000000001000-0x0000000000ffffff]
[    0.000000]   DMA32    [mem 0x0000000001000000-0x000000003ffeffff]
[    0.000000]   Normal   empty
[    0.000000]   Device   empty
[    0.000000] Movable zone start for each node
[    0.000000] Early memory node ranges
[    0.000000]   node   0: [mem 0x0000000000001000-0x000000000009efff]
[    0.000000]   node   0: [mem 0x0000000000100000-0x000000003ffeffff]
[    0.000000] Initmem setup node 0 [mem 0x0000000000001000-0x000000003ffeffff]
[    0.000000] ACPI: PM-Timer IO Port: 0x4008
[    0.000000] IOAPIC[0]: apic_id 2, version 32, address 0xfec00000, GSI 0-23
[    0.000000] ACPI: INT_SRC_OVR (bus 0 bus_irq 0 global_irq 2 dfl dfl)
[    0.000000] ACPI: INT_SRC_OVR (bus 0 bus_irq 9 global_irq 9 high level)
[    0.000000] Using ACPI (MADT) for SMP configuration information
[    0.000000] smpboot: Allowing 2 CPUs, 0 hotplug CPUs
[    0.000000] PM: Registered nosave memory: [mem 0x00000000-0x00000fff]
[    0.000000] PM: Registered nosave memory: [mem 0x0009f000-0x0009ffff]
[    0.000000] PM: Registered nosave memory: [mem 0x000a0000-0x000effff]
[    0.000000] PM: Registered nosave memory: [mem 0x000f0000-0x000fffff]
[    0.000000] e820: [mem 0x40000000-0xfebfffff] available for PCI devices
[    0.000000] Booting paravirtualized kernel on KVM
[    0.000000] clocksource: refined-jiffies: mask: 0xffffffff max_cycles: 0xffffffff, max_idle_ns: 7645519600211568 ns
[    0.000000] setup_percpu: NR_CPUS:512 nr_cpumask_bits:512 nr_cpu_ids:2 nr_node_ids:1
[    0.000000] PERCPU: Embedded 33 pages/cpu @ffff88003fc00000 s98200 r8192 d28776 u1048576
[    0.000000] PV qspinlock hash table entries: 256 (order: 0, 4096 bytes)
[    0.000000] Built 1 zonelists in Node order, mobility grouping on.  Total pages: 257913
[    0.000000] Policy zone: DMA32
[    0.000000] Kernel command line: BOOT_IMAGE=/boot/vmlinuz-4.4.0-104-generic root=UUID=09cea002-3bc0-41b2-81b5-2cbf8b138eb7 ro console=tty1 console=ttyS0
[    0.000000] PID hash table entries: 4096 (order: 3, 32768 bytes)
[    0.000000] Memory: 1001780K/1048120K available (8485K kernel code, 1295K rwdata, 3988K rodata, 1492K init, 1316K bss, 46340K reserved, 0K cma-reserved)
[    0.000000] SLUB: HWalign=64, Order=0-3, MinObjects=0, CPUs=2, Nodes=1
[    0.000000] Hierarchical RCU implementation.
[    0.000000] 	Build-time adjustment of leaf fanout to 64.
[    0.000000] 	RCU restricting CPUs from NR_CPUS=512 to nr_cpu_ids=2.
[    0.000000] RCU: Adjusting geometry for rcu_fanout_leaf=64, nr_cpu_ids=2
[    0.000000] NR_IRQS:33024 nr_irqs:440 16
[    0.000000] Console: colour VGA+ 80x25
[    0.000000] console [tty1] enabled
[    0.000000] console [ttyS0] enabled
[    0.000000] tsc: Detected 1599.999 MHz processor
[    2.234722] Calibrating delay loop (skipped) preset value.. 3199.99 BogoMIPS (lpj=6399996)
[    2.249367] pid_max: default: 32768 minimum: 301
[    2.265438] ACPI: Core revision 20150930
[    2.277636] ACPI: 2 ACPI AML tables successfully acquired and loaded
[    2.412836] Security Framework initialized
[    2.508941] Yama: becoming mindful.
[    2.531238] AppArmor: AppArmor initialized
[    2.539279] Dentry cache hash table entries: 131072 (order: 8, 1048576 bytes)
[    2.545240] Inode-cache hash table entries: 65536 (order: 7, 524288 bytes)
[    2.560820] Mount-cache hash table entries: 2048 (order: 2, 16384 bytes)
[    2.569147] Mountpoint-cache hash table entries: 2048 (order: 2, 16384 bytes)
[    2.582073] Initializing cgroup subsys io
[    2.598738] Initializing cgroup subsys memory
[    2.602378] Initializing cgroup subsys devices
[    2.609001] Initializing cgroup subsys freezer
[    2.617809] Initializing cgroup subsys net_cls
[    2.622057] Initializing cgroup subsys perf_event
[    2.624823] Initializing cgroup subsys net_prio
[    2.630127] Initializing cgroup subsys hugetlb
[    2.634372] Initializing cgroup subsys pids
[    2.643073] CPU: Physical Processor ID: 0
[    2.647025] CPU: Processor Core ID: 0
[    2.689406] mce: CPU supports 0 MCE banks
[    2.780097] Last level iTLB entries: 4KB 64, 2MB 8, 4MB 8
[    2.908227] Last level dTLB entries: 4KB 64, 2MB 0, 4MB 0, 1GB 4
[    3.041917] Freeing SMP alternatives memory: 32K
[    3.131877] ftrace: allocating 32158 entries in 126 pages
[    3.216015] smpboot: APIC(0) Converting physical 0 to logical package 0
[    3.230447] smpboot: Max logical packages: 1
[    3.247473] x2apic enabled
[    3.250982] Switched APIC routing to physical x2apic.
[    3.266579] ..TIMER: vector=0x30 apic1=0 pin1=2 apic2=-1 pin2=-1
[    3.481976] APIC calibration not consistent with PM-Timer: 107ms instead of 100ms
[    3.528016] APIC delta adjusted to PM-Timer: 6266735 (6753783)
[    3.531348] smpboot: CPU0: Intel(R) Core(TM) i5-5250U CPU @ 1.60GHz (family: 0x6, model: 0x3d, stepping: 0x4)
[    3.564286] Performance Events: unsupported p6 CPU model 61 no PMU driver, software events only.
[    3.575862] KVM setup paravirtual spinlock
[    3.593298] x86: Booting SMP configuration:
[    3.630576] .... node  #0, CPUs:      #1
[    3.643698] kvm-clock: cpu 1, msr 0:3ffe3041, secondary cpu clock
[    3.790204] mce: CPU supports 0 MCE banks
[    3.907076] x86: Booted up 1 node, 2 CPUs
[    3.936274] smpboot: Total of 2 processors activated (6399.99 BogoMIPS)
[    3.953835] devtmpfs: initialized
[    3.988537] evm: security.selinux
[    4.008465] evm: security.SMACK64
[    4.026128] evm: security.SMACK64EXEC
[    4.116232] evm: security.SMACK64TRANSMUTE
[    4.169882] evm: security.SMACK64MMAP
[    4.180220] evm: security.ima
[    4.200824] evm: security.capability
[    4.214460] clocksource: jiffies: mask: 0xffffffff max_cycles: 0xffffffff, max_idle_ns: 7645041785100000 ns
[    4.236002] futex hash table entries: 512 (order: 3, 32768 bytes)
[    4.246743] pinctrl core: initialized pinctrl subsystem
[    4.253578] RTC time: 15:35:26, date: 01/04/18
[    4.265378] NET: Registered protocol family 16
[    4.284051] cpuidle: using governor ladder
[    4.312189] cpuidle: using governor menu
[    4.330148] PCCT header not found.
[    4.335259] ACPI: bus type PCI registered
[    4.343170] acpiphp: ACPI Hot Plug PCI Controller Driver version: 0.5
[    4.357553] PCI: Using configuration type 1 for base access
[    4.380639] ACPI: Added _OSI(Module Device)
[    4.389270] ACPI: Added _OSI(Processor Device)
[    4.405176] ACPI: Added _OSI(3.0 _SCP Extensions)
[    4.411780] ACPI: Added _OSI(Processor Aggregator Device)
[    4.421912] ACPI: Executed 1 blocks of module-level executable AML code
[    4.438851] ACPI: Interpreter enabled
[    4.440521] ACPI: (supports S0 S5)
[    4.446148] ACPI: Using IOAPIC for interrupt routing
[    4.451370] PCI: Using host bridge windows from ACPI; if necessary, use "pci=nocrs" and report a bug
[    4.484965] ACPI: PCI Root Bridge [PCI0] (domain 0000 [bus 00-ff])
[    4.491576] acpi PNP0A03:00: _OSC: OS supports [ASPM ClockPM Segments MSI]
[    4.500135] acpi PNP0A03:00: _OSC failed (AE_NOT_FOUND); disabling ASPM
[    4.518771] acpi PNP0A03:00: fail to add MMCONFIG information, can't access extended PCI configuration space under this bridge.
[    4.629355] PCI host bridge to bus 0000:00
[    4.775343] pci_bus 0000:00: root bus resource [io  0x0000-0x0cf7 window]
[    4.788450] pci_bus 0000:00: root bus resource [io  0x0d00-0xffff window]
[    4.792895] pci_bus 0000:00: root bus resource [mem 0x000a0000-0x000bffff window]
[    4.803516] pci_bus 0000:00: root bus resource [mem 0x40000000-0xffdfffff window]
[    4.812232] pci_bus 0000:00: root bus resource [bus 00-ff]
[    4.819640] pci 0000:00:01.1: legacy IDE quirk: reg 0x10: [io  0x01f0-0x01f7]
[    4.831429] pci 0000:00:01.1: legacy IDE quirk: reg 0x14: [io  0x03f6]
[    4.836265] pci 0000:00:01.1: legacy IDE quirk: reg 0x18: [io  0x0170-0x0177]
[    4.850388] pci 0000:00:01.1: legacy IDE quirk: reg 0x1c: [io  0x0376]
[    4.895398] pci 0000:00:07.0: quirk: [io  0x4000-0x403f] claimed by PIIX4 ACPI
[    4.953315] pci 0000:00:07.0: quirk: [io  0x4100-0x410f] claimed by PIIX4 SMB
[    5.008300] ACPI: PCI Interrupt Link [LNKA] (IRQs 5 9 10 *11)
[    5.076706] ACPI: PCI Interrupt Link [LNKB] (IRQs 5 9 10 *11)
[    5.136276] ACPI: PCI Interrupt Link [LNKC] (IRQs 5 9 *10 11)
[    5.187129] ACPI: PCI Interrupt Link [LNKD] (IRQs 5 *9 10 11)
[    5.199875] ACPI: Enabled 2 GPEs in block 00 to 07
[    5.201689] vgaarb: setting as boot device: PCI:0000:00:02.0
[    5.222850] vgaarb: device added: PCI:0000:00:02.0,decodes=io+mem,owns=io+mem,locks=none
[    5.234606] vgaarb: loaded
[    5.237781] vgaarb: bridge control possible 0000:00:02.0
[    5.243150] SCSI subsystem initialized
[    5.246566] ACPI: bus type USB registered
[    5.249551] usbcore: registered new interface driver usbfs
[    5.255527] usbcore: registered new interface driver hub
[    5.262808] usbcore: registered new device driver usb
[    5.283636] PCI: Using ACPI for IRQ routing
[    5.422406] NetLabel: Initializing
[    5.424797] NetLabel:  domain hash size = 128
[    5.431492] NetLabel:  protocols = UNLABELED CIPSOv4
[    5.435904] NetLabel:  unlabeled traffic allowed by default
[    5.453533] amd_nb: Cannot enumerate AMD northbridges
[    5.475502] clocksource: Switched to clocksource kvm-clock
[    5.509071] AppArmor: AppArmor Filesystem Enabled
[    5.523825] pnp: PnP ACPI init
[    5.534256] pnp: PnP ACPI: found 3 devices
[    5.574331] clocksource: acpi_pm: mask: 0xffffff max_cycles: 0xffffff, max_idle_ns: 2085701024 ns
[    5.586408] NET: Registered protocol family 2
[    5.593536] TCP established hash table entries: 8192 (order: 4, 65536 bytes)
[    5.600401] TCP bind hash table entries: 8192 (order: 5, 131072 bytes)
[    5.618437] TCP: Hash tables configured (established 8192 bind 8192)
[    5.696102] UDP hash table entries: 512 (order: 2, 16384 bytes)
[    5.699150] UDP-Lite hash table entries: 512 (order: 2, 16384 bytes)
[    5.701228] NET: Registered protocol family 1
[    5.707880] pci 0000:00:00.0: Limiting direct PCI/PCI transfers
[    5.732749] pci 0000:00:01.0: Activating ISA DMA hang workarounds
[    5.738621] Unpacking initramfs...
[   10.143759] Freeing initrd memory: 10792K
[   10.158980] RAPL PMU detected, API unit is 2^-32 Joules, 4 fixed counters 10737418240 ms ovfl timer
[   10.189250] hw unit of domain pp0-core 2^-0 Joules
[   10.218979] hw unit of domain package 2^-0 Joules
[   10.245793] hw unit of domain dram 2^-0 Joules
[   10.256741] hw unit of domain pp1-gpu 2^-0 Joules
[   10.290556] platform rtc_cmos: registered platform RTC device (no PNP device found)
[   10.314838] Scanning for low memory corruption every 60 seconds
[   10.351661] audit: initializing netlink subsys (disabled)
[   10.362435] audit: type=2000 audit(1515080136.478:1): initialized
[   10.409593] Initialise system trusted keyring
[   10.430472] HugeTLB registered 2 MB page size, pre-allocated 0 pages
[   10.438484] zbud: loaded
[   10.442101] VFS: Disk quotas dquot_6.6.0
[   10.455429] VFS: Dquot-cache hash table entries: 512 (order 0, 4096 bytes)
[   10.463398] squashfs: version 4.0 (2009/01/31) Phillip Lougher
[   10.468353] fuse init (API version 7.23)
[   10.480437] Key type big_key registered
[   10.493769] Allocating IMA MOK and blacklist keyrings.
[   10.499873] Key type asymmetric registered
[   10.503825] Asymmetric key parser 'x509' registered
[   10.509632] Block layer SCSI generic (bsg) driver version 0.4 loaded (major 249)
[   10.539751] io scheduler noop registered
[   10.737835] io scheduler deadline registered (default)
[   10.801302] io scheduler cfq registered
[   10.813703] pci_hotplug: PCI Hot Plug PCI Core version: 0.5
[   10.826120] pciehp: PCI Express Hot Plug Controller Driver version: 0.4
[   10.829622] ACPI: AC Adapter [AC] (on-line)
[   10.833215] input: Power Button as /devices/LNXSYSTM:00/LNXPWRBN:00/input/input0
[   10.850858] ACPI: Power Button [PWRF]
[   10.856443] input: Sleep Button as /devices/LNXSYSTM:00/LNXSLPBN:00/input/input1
[   10.871920] ACPI: Sleep Button [SLPF]
[   10.879331] ACPI: Battery Slot [BAT0] (battery present)
[   10.883317] GHES: HEST is not enabled!
[   10.891140] Serial: 8250/16550 driver, 32 ports, IRQ sharing enabled
[   10.936304] 00:02: ttyS0 at I/O 0x3f8 (irq = 4, base_baud = 115200) is a 16550A
[   11.179245] Linux agpgart interface v0.103
[   11.191361] loop: module loaded
[   11.207386] scsi host0: ata_piix
[   11.222993] scsi host1: ata_piix
[   11.225794] ata1: PATA max UDMA/33 cmd 0x1f0 ctl 0x3f6 bmdma 0xd000 irq 14
[   11.239371] ata2: PATA max UDMA/33 cmd 0x170 ctl 0x376 bmdma 0xd008 irq 15
[   11.277531] libphy: Fixed MDIO Bus: probed
[   11.296197] tsc: Refined TSC clocksource calibration: 1600.164 MHz
[   11.318127] tun: Universal TUN/TAP device driver, 1.6
[   11.318128] tun: (C) 1999-2004 Max Krasnyansky <maxk@qualcomm.com>
[   11.344829] clocksource: tsc: mask: 0xffffffffffffffff max_cycles: 0x1710bfeacdd, max_idle_ns: 440795231915 ns
[   11.344891] PPP generic driver version 2.4.2
[   11.344992] ehci_hcd: USB 2.0 'Enhanced' Host Controller (EHCI) Driver
[   11.344998] ehci-pci: EHCI PCI platform driver
[   11.345026] ehci-platform: EHCI generic platform driver
[   11.345039] ohci_hcd: USB 1.1 'Open' Host Controller (OHCI) Driver
[   11.345044] ohci-pci: OHCI PCI platform driver
[   11.345058] ohci-platform: OHCI generic platform driver
[   11.345069] uhci_hcd: USB Universal Host Controller Interface driver
[   11.345158] i8042: PNP: PS/2 Controller [PNP0303:PS2K,PNP0f03:PS2M] at 0x60,0x64 irq 1,12
[   11.345818] serio: i8042 KBD port at 0x60,0x64 irq 1
[   11.345826] serio: i8042 AUX port at 0x60,0x64 irq 12
[   11.346009] mousedev: PS/2 mouse device common for all mice
[   11.346373] input: AT Translated Set 2 keyboard as /devices/platform/i8042/serio0/input/input2
[   11.346942] rtc_cmos rtc_cmos: rtc core: registered rtc_cmos as rtc0
[   11.347032] rtc_cmos rtc_cmos: alarms up to one day, 114 bytes nvram
[   11.347043] i2c /dev entries driver
[   11.347126] device-mapper: uevent: version 1.0.3
[   11.347218] device-mapper: ioctl: 4.34.0-ioctl (2015-10-28) initialised: dm-devel@redhat.com
[   11.347238] ledtrig-cpu: registered to indicate activity on CPUs
[   11.347685] NET: Registered protocol family 10
[   11.347910] NET: Registered protocol family 17
[   11.347923] Key type dns_resolver registered
[   11.348144] microcode: CPU0 sig=0x306d4, pf=0x40, revision=0x0
[   11.373411] microcode: CPU1 sig=0x306d4, pf=0x40, revision=0x0
[   11.373555] microcode: Microcode Update Driver: v2.01 <tigran@aivazian.fsnet.co.uk>, Peter Oruba
[   11.373855] registered taskstats version 1
[   11.373937] Loading compiled-in X.509 certificates
[   11.375088] Loaded X.509 cert 'Build time autogenerated kernel key: 8537ad706776f532219d7336343c968b9f82f7c7'
[   11.375122] zswap: loaded using pool lzo/zbud
[   11.390298] Key type trusted registered
[   11.410052] Key type encrypted registered
[   11.410064] AppArmor: AppArmor sha1 policy hashing enabled
[   11.410069] ima: No TPM chip found, activating TPM-bypass!
[   11.410107] evm: HMAC attrs: 0x1
[   11.420365]   Magic number: 2:887:587
[   11.445466] rtc_cmos rtc_cmos: setting system clock to 2018-01-04 15:35:33 UTC (1515080133)
[   11.445591] BIOS EDD facility v0.16 2004-Jun-25, 0 devices found
[   11.445591] EDD information not available.
[   11.881101] Freeing unused kernel memory: 1492K
[   11.942844] Write protecting the kernel read-only data: 14336k
[   12.007270] Freeing unused kernel memory: 1744K
[   12.023507] Freeing unused kernel memory: 108K
Loading, please [   12.104142] random: systemd-udevd: uninitialized urandom read (16 bytes read, 5 bits of entropy available)
wait...
startin[   12.106444] random: udevadm: uninitialized urandom read (16 bytes read, 5 bits of entropy available)
g version 229
[   12.106475] random: udevadm: uninitialized urandom read (16 bytes read, 5 bits of entropy available)
[   12.121108] random: udevadm: uninitialized urandom read (16 bytes read, 5 bits of entropy available)
[   12.121171] random: udevadm: uninitialized urandom read (16 bytes read, 5 bits of entropy available)
[   12.121888] random: udevadm: uninitialized urandom read (16 bytes read, 5 bits of entropy available)
[   12.121970] random: udevadm: uninitialized urandom read (16 bytes read, 5 bits of entropy available)
[   12.122043] random: udevadm: uninitialized urandom read (16 bytes read, 5 bits of entropy available)
[   12.122150] random: udevadm: uninitialized urandom read (16 bytes read, 5 bits of entropy available)
[   12.122217] random: udevadm: uninitialized urandom read (16 bytes read, 5 bits of entropy available)
[   12.625436] e1000: Intel(R) PRO/1000 Network Driver - version 7.3.21-k8-NAPI
[   12.633329] e1000: Copyright (c) 1999-2006 Intel Corporation.
[   12.655370] Fusion MPT base driver 3.04.20
[   12.664923] Copyright (c) 1999-2008 LSI Corporation
[   12.674609] AVX version of gcm_enc/dec engaged.
[   12.692687] AES CTR mode by8 optimization enabled
[   12.725173] Fusion MPT SPI Host driver 3.04.20
[   12.843855] input: ImExPS/2 Generic Explorer Mouse as /devices/platform/i8042/serio1/input/input4
[   13.132614] e1000 0000:00:03.0 eth0: (PCI:33MHz:32-bit) 02:93:06:1c:a6:4f
[   13.170723] e1000 0000:00:03.0 eth0: Intel(R) PRO/1000 Network Connection
[   13.194916] mptbase: ioc0: Initiating bringup
[   13.215796] e1000 0000:00:03.0 enp0s3: renamed from eth0
[   13.277359] ioc0: LSI53C1030 A0: Capabilities={Initiator}
[   13.438576] scsi host2: ioc0: LSI53C1030 A0, FwRev=00000000h, Ports=1, MaxQ=256, IRQ=20
[   13.596581] scsi 2:0:0:0: Direct-Access     VBOX     HARDDISK         1.0  PQ: 0 ANSI: 5
[   13.718469] scsi target2:0:0: Beginning Domain Validation
[   13.775699] scsi target2:0:0: Domain Validation skipping write tests
[   13.825658] scsi target2:0:0: Ending Domain Validation
[   13.882768] scsi target2:0:0: asynchronous
[   13.942698] scsi 2:0:1:0: Direct-Access     VBOX     HARDDISK         1.0  PQ: 0 ANSI: 5
[   14.006483] scsi target2:0:1: Beginning Domain Validation
[   14.086474] scsi target2:0:1: Domain Validation skipping write tests
[   14.088246] scsi target2:0:1: Ending Domain Validation
[   14.089865] scsi target2:0:1: asynchronous
[   14.101517] sd 2:0:0:0: [sda] 20971520 512-byte logical blocks: (10.7 GB/10.0 GiB)
[   14.115958] sd 2:0:0:0: Attached scsi generic sg0 type 0
[   14.188436] sd 2:0:1:0: Attached scsi generic sg1 type 0
[   14.196897] sd 2:0:1:0: [sdb] 20480 512-byte logical blocks: (10.5 MB/10.0 MiB)
[   14.197010] sd 2:0:0:0: [sda] Write Protect is off
[   14.197122] sd 2:0:0:0: [sda] Incomplete mode parameter data
[   14.197123] sd 2:0:0:0: [sda] Assuming drive cache: write through
[   14.231073] sd 2:0:1:0: [sdb] Write Protect is off
[   14.232825]  sda: sda1
[   14.264617] sd 2:0:1:0: [sdb] Incomplete mode parameter data
[   14.264934] sd 2:0:0:0: [sda] Attached SCSI disk
[   14.367805] sd 2:0:1:0: [sdb] Assuming drive cache: write through
[   14.387629] sd 2:0:1:0: [sdb] Attached SCSI disk
[   15.640704] floppy0: no floppy controllers found
Begin: Loading e[   17.111879] md: linear personality registered for level -1
ssential drivers[   17.139113] md: multipath personality registered for level -4
 ... [   17.215463] md: raid0 personality registered for level 0
[   17.251597] md: raid1 personality registered for level 1
[   17.339639] raid6: sse2x1   gen()  6626 MB/s
[   17.475480] raid6: sse2x1   xor()  5609 MB/s
[   17.641359] raid6: sse2x2   gen()  9722 MB/s
[   17.759563] raid6: sse2x2   xor()  5911 MB/s
[   17.887615] raid6: sse2x4   gen()  9756 MB/s
[   17.960307] raid6: sse2x4   xor()  7521 MB/s
[   17.977756] raid6: using algorithm sse2x4 gen() 9756 MB/s
[   17.982446] raid6: .... xor() 7521 MB/s, rmw enabled
[   17.989173] raid6: using ssse3x2 recovery algorithm
[   17.992158] xor: automatically using best checksumming function:
[   18.047823]    avx       : 15641.000 MB/sec
[   18.054622] async_tx: api initialized (async)
[   18.094221] md: raid6 personality registered for level 6
[   18.123074] md: raid5 personality registered for level 5
[   18.149452] md: raid4 personality registered for level 4
[   18.194048] md: raid10 personality registered for level 10
done.
Begin: Running /scripts/init-premount ... done.
Begin: M[   18.248410] Btrfs loaded
ounting root file system ... Begin: Running /scripts/local-top ... done.
Begin: Running /scripts/local-premount ... Scanning for Btrfs filesystems
done.
Warning: fsck no[   18.344864] EXT4-fs (sda1): INFO: recovery required on readonly filesystem
t present, so sk[   18.406324] EXT4-fs (sda1): write access will be enabled during recovery
ipping root file system
[   18.432158] EXT4-fs (sda1): orphan cleanup on readonly fs
[   18.455021] EXT4-fs (sda1): 1 orphan inode deleted
[   18.466045] EXT4-fs (sda1): recovery complete
[   18.492043] EXT4-fs (sda1): mounted filesystem with ordered data mode. Opts: (null)
done.
Begin: Running /scripts/local-bottom ... done.
Begin: Running /scripts/init-bottom ... done.
[   18.773201] systemd[1]: systemd 229 running in system mode. (+PAM +AUDIT +SELINUX +IMA +APPARMOR +SMACK +SYSVINIT +UTMP +LIBCRYPTSETUP +GCRYPT +GNUTLS +ACL +XZ -LZ4 +SECCOMP +BLKID +ELFUTILS +KMOD -IDN)
[   18.921655] systemd[1]: Detected virtualization oracle.
[   18.964395] systemd[1]: Detected architecture x86-64.

Welcome to [1mUbuntu 16.04.3 LTS[0m!

[   19.049169] systemd[1]: Set hostname to <ubuntu-xenial>.
[   19.542280] systemd[1]: Listening on LVM2 metadata daemon socket.
[[0;32m  OK  [0m] Listening on LVM2 metadata daemon socket.
[   19.660450] systemd[1]: Reached target Encrypted Volumes.
[[0;32m  OK  [0m] Reached target Encrypted Volumes.
[   19.832566] systemd[1]: Started Trigger resolvconf update for networkd DNS.
[[0;32m  OK  [0m] Started Trigger resolvconf update for networkd DNS.
[   19.912168] systemd[1]: Started Forward Password Requests to Wall Directory Watch.
[[0;32m  OK  [0m] Started Forward Password Requests to Wall Directory Watch.
[   20.076317] systemd[1]: Created slice User and Session Slice.
[[0;32m  OK  [0m] Created slice User and Session Slice.
[   20.166552] systemd[1]: Listening on Device-mapper event daemon FIFOs.
[[0;32m  OK  [0m] Listening on Device-mapper event daemon FIFOs.
[   20.336223] systemd[1]: Listening on udev Control Socket.
[[0;32m  OK  [0m] Listening on udev Control Socket.
[   20.432142] systemd[1]: Reached target Swap.
[[0;32m  OK  [0m] Reached target Swap.
[   20.472251] systemd[1]: Created slice System Slice.
[[0;32m  OK  [0m] Created slice System Slice.
[   20.604812] systemd[1]: Created slice system-serial\x2dgetty.slice.
[[0;32m  OK  [0m] Created slice system-serial\x2dgetty.slice.
[   20.752353] systemd[1]: Reached target Slices.
[[0;32m  OK  [0m] Reached target Slices.
[   20.852138] systemd[1]: Listening on LVM2 poll daemon socket.
[[0;32m  OK  [0m] Listening on LVM2 poll daemon socket.
[   20.904556] systemd[1]: Listening on Journal Socket.
[[0;32m  OK  [0m] Listening on Journal Socket.
[   20.984060] systemd[1]: Starting Nameserver information manager...
[   21.020461] random: nonblocking pool is initialized
         Starting Nameserver information manager...
[   21.068021] systemd[1]: Mounting Huge Pages File System...
         Mounting Huge Pages File System...
[   21.114274] systemd[1]: Starting Remount Root and Kernel File Systems...
         Starting Remount[   21.196750] EXT4-fs (sda1): re-mounted. Opts: (null)
 Root and Kernel File Systems...
[   21.230983] systemd[1]: Mounting POSIX Message Queue File System...
         Mounting POSIX Message Queue File System...
[   21.327501] systemd[1]: Starting Uncomplicated firewall...
         Starting Uncomplicated firewall...
[   21.384163] systemd[1]: Mounting Debug File System...
         Mounting Debug File System...
[   21.444177] systemd[1]: Starting Set console keymap...
         Starting Set console keymap...
[   21.495786] systemd[1]: Starting Load Kernel Modules...
         Starting Load Ke[   21.532481] Loading iSCSI transport class v2.0-870.
rnel Modules...
[   21.606823] systemd[1]: Reached target User and Group Name Lookups.
[[0;32m  OK  [0m] Reached targe[   21.664468] iscsi: registered transport (tcp)
t User and Group Name Lookups.
[   21.730481] systemd[1]: Set up automount Arbitrary Executable File Formats File System Automount Point.
[[0;32m  OK  [0m] Set up automount Arbitrary Executab...ats File System Automount Point.
[   21.877284] iscsi: registered transport (iser)
[   21.931105] systemd[1]: Listening on udev Kernel Socket.
[[0;32m  OK  [0m] Listening on udev Kernel Socket.
[   22.012648] systemd[1]: Starting Monitoring of LVM2 mirrors, snapshots etc. using dmeventd or progress polling...
         Starting Monitoring of LVM2 mirrors... dmeventd or progress polling...
[   22.092225] systemd[1]: Listening on Syslog Socket.
[[0;32m  OK  [0m] Listening on Syslog Socket.
[   22.180461] systemd[1]: Starting Create list of required static device nodes for the current kernel...
         Starting Create list of required st... nodes for the current kernel...
[   22.240709] systemd[1]: Listening on Journal Audit Socket.
[[0;32m  OK  [0m] Listening on Journal Audit Socket.
[   22.381776] systemd[1]: Listening on /dev/initctl Compatibility Named Pipe.
[[0;32m  OK  [0m] Listening on /dev/initctl Compatibility Named Pipe.
[   22.452783] systemd[1]: Listening on Journal Socket (/dev/log).
[[0;32m  OK  [0m] Listening on Journal Socket (/dev/log).
[   22.536260] systemd[1]: Starting Journal Service...
         Starting Journal Service...
[   22.595363] systemd[1]: Mounted Huge Pages File System.
[[0;32m  OK  [0m] Mounted Huge Pages File System.
[   22.694678] systemd[1]: Mounted Debug File System.
[[0;32m  OK  [0m] Mounted Debug File System.
[   22.747956] systemd[1]: Mounted POSIX Message Queue File System.
[[0;32m  OK  [0m] Mounted POSIX Message Queue File System.
[   22.798783] systemd[1]: Started Journal Service.
[[0;32m  OK  [0m] Started Journal Service.
[[0;32m  OK  [0m] Started Remount Root and Kernel File Systems.
[[0;32m  OK  [0m] Started Uncomplicated firewall.
[[0;32m  OK  [0m] Started Set console keymap.
[[0;32m  OK  [0m] Started Load Kernel Modules.
[[0;32m  OK  [0m] Started Create list of required sta...ce nodes for the current kernel.
[[0;32m  OK  [0m] Started Nameserver information manager.
[[0;32m  OK  [0m] Started LVM2 metadata daemon.
         Starting Create Static Device Nodes in /dev...
         Mounting FUSE Control File System...
         Starting Apply Kernel Variables...
         Starting Load/Save Random Seed...
         Starting Initial cloud-init job (pre-networking)...
         Starting udev Coldplug all Devices...
         Starting Flush Journal to Persistent Storage...
[[0;32m  OK  [0m] Mounted FUSE Control File System.
[[0;32m  OK  [0m] Started Monitoring of LVM2 mirrors,...ng dmeventd or progress polling.
[[0;32m  OK  [0m] Started Create Static Device Nodes in /dev.
[[0;32m  OK  [0m] Started Apply Kernel Variables.
[[0;32m  OK  [0m] Started Load/Save Random Seed.
         Starting udev Kernel Device Manager...
[[0;32m  OK  [0m] Started Flush Journal to Persistent Storage.
[[0;32m  OK  [0m] Started udev Coldplug all Devices.
[[0;32m  OK  [0m] Started udev Kernel Device Manager.
[[0;32m  OK  [0m] Reached target Local File Systems (Pre).
[[0;32m  OK  [0m] Reached target Local File Systems.
         Starting Tell Plymouth To Write Out Runtime Data...
         Starting Set console font and keymap...
         Starting LSB: AppArmor initialization...
[[0;32m  OK  [0m] Started Dispatch Password Requests to Console Directory Watch.
         Starting Create Volatile Files and Directories...
[[0;32m  OK  [0m] Started Tell Plymouth To Write Out Runtime Data.
[[0;32m  OK  [0m] Started Create Volatile Files and Directories.
[[0;32m  OK  [0m] Found device /dev/ttyS0.
[[0;32m  OK  [0m] Listening on Load/Save RF Kill Switch Status /dev/rfkill Watch.
[[0;32m  OK  [0m] Reached target System Time Synchronized.
         Starting Update UTMP about System Boot/Shutdown...
[   20.560672] cloud-init[457]: Cloud-init v. 17.1 running 'init-local' at Thu, 04 Jan 2018 15:35:46 +0000. Up 20.02 seconds.
[[0;32m  OK  [0m] Started LSB: AppArmor initialization.
[[0;32m  OK  [0m] Started Set console font and keymap.
[[0;32m  OK  [0m] Started Initial cloud-init job (pre-networking).
[[0;32m  OK  [0m] Started Update UTMP about System Boot/Shutdown.
[[0;32m  OK  [0m] Reached target Network (Pre).
[[0;32m  OK  [0m] Created slice system-getty.slice.
         Starting Raise network interfaces...
[[0;32m  OK  [0m] Started ifup for enp0s3.
[[0;32m  OK  [0m] Started Raise network interfaces.
         Starting Initial cloud-init job (metadata service crawler)...
[[0;32m  OK  [0m] Reached target Network.
[   23.861546] cloud-init[969]: Cloud-init v. 17.1 running 'init' at Thu, 04 Jan 2018 15:35:49 +0000. Up 23.06 seconds.
[   23.952368] [cloud-init[0;32m  OK  [0m[969]: ] ci-info: +++++++++++++++++++++++++++++++++++++Net device info+++++++++++++++++++++++++++++++++++++Started Initial cloud-init job (metadata service crawler).

[   23.953206] cloud-init[969]: ci-info: +--------+------+---------------------------+---------------+-------+-------------------+
[   24.204614] [cloud-init[0;32m  OK  [0m[969]: ] ci-info: | Device |  Up  |          Address          |      Mask     | Scope |     Hw-Address    |Reached target System Initialization.

[   24.205507] cloud-init[969]: ci-info: +--------+------+---------------------------+---------------+-------+-------------------+
[   24.312663] [cloud-init[0;32m  OK  [0m[969]: ] ci-info: | enp0s3 | True |         10.0.2.15         | 255.255.255.0 |   .   | 02:93:06:1c:a6:4f |Started Timer to automatically refresh installed snaps.

[   24.408606] [cloud-init[0;32m  OK  [0m[969]: ] ci-info: | enp0s3 | True | fe80::93:6ff:fe1c:a64f/64 |       .       |  link | 02:93:06:1c:a6:4f |Listening on D-Bus System Message Bus Socket.

[   24.409393] cloud-init[969]: ci-info: |   lo   | True |         127.0.0.1         |   255.0.0.0   |   .   |         .         |
[   24.506496] [cloud-init[0;32m  OK  [0m[969]: ] ci-info: |   lo   | True |          ::1/128          |       .       |  host |         .         |Started ACPI Events Check.

[   24.570857] [cloud-init[0;32m  OK  [0m[969]: ] ci-info: +--------+------+---------------------------+---------------+-------+-------------------+Reached target Paths.

[[0;32m  OK  [0m] Started Daily Cleanup of Temporary Directories.
[   24.571663] cloud-init[969]: ci-info: +++++++++++++++++++++++++++Route IPv4 info++++++++++++++++++++++++++++
         Starting Socket activation for snappy daemon.
[   24.653904] cloud-init         Starting LXD - unix socket.
[[0;32m  OK  [0m] Listening on UUID daemon activation socket.
[[0;32m  OK  [0m] Listening on ACPID Listen Socket.
[[0;32m  OK  [0m] Reached target Cloud-config availability.
[[0;32m  OK  [0m] Reached target Network is Online.
[969]: ci-info: +-------+-------------+----------+---------------+-----------+-------+
[   24.780489] cloud-init[969]: ci-info: | Route | Destination | Gateway  |    Genmask    | Interface | Flags |
[   24.810501] cloud-init[969]: ci-info: +-------+-------------+----------+---------------+-----------+-------+
         Starting iSCSI initiator daemon (iscsid)...
[[0;32m  OK  [0m] Started Daily apt download activities.
[[0;32m  OK  [0m] Started Daily apt upgrade and clean activities.
[   24.829746] cloud-init[969]: ci-info: |   0   |   0.0.0.0   | 10.0.2.2 |    0.0.0.0    |   enp0s3  |   UG  |
[   24.941841] cloud-init[969]: ci-info: |   1   |   10.0.2.0  | 0.0.0.0  | 255.255.255.0 |   enp0s3  |   U   |
[[0;32m  OK  [0m] Reached target Timers.
[[0;32m  OK  [0m] Listening on Socket activation for snappy daemon.
[[0;32m  OK  [0m] Listening on LXD - unix socket.
[   24.959038] cloud-init[969]: ci-info: +-------+-------------+----------+---------------+-----------+-------+
[[0;32m  OK  [0m] Started iSCSI initiator daemon (iscsid).
         Starting Login to default iSCSI targets...
[[0;32m  OK  [0m] Reached target Sockets.
[[0;32m  OK  [0m] Reached target Basic System.
         Starting LXD - container startup/shutdown...
         Starting /etc/rc.local Compatibility...
[[0;32m  OK  [0m] Started D-Bus System Message Bus.
[[0;32m  OK  [0m] Started Regular background program processing daemon.
         Starting Apply the settings specified in cloud-config...
[[0;32m  OK  [0m] Started FUSE filesystem for LXC.
[[0;32m  OK  [0m] Started Unattended Upgrades Shutdown.
         Starting Login Service...
         Starting System Logging Service...
[[0;32m  OK  [0m] Started ACPI event daemon.
         Starting Accounts Service...
         Starting LSB: MD monitoring daemon...
         Starting OpenBSD Secure Shell server...
[[0;32m  OK  [0m] Started Deferred execution scheduler.
         Starting LSB: Record successful boot for GRUB...
         Starting Snappy daemon...
[[0;32m  OK  [0m] Started System Logging Service.
[[0;32m  OK  [0m] Started OpenBSD Secure Shell server.
[[0;32m  OK  [0m] Started LXD - container startup/shutdown.
[[0;32m  OK  [0m] Started /etc/rc.local Compatibility.
[[0;32m  OK  [0m] Started Login to default iSCSI targets.
[[0;32m  OK  [0m] Started Snappy daemon.
[[0;32m  OK  [0m] Started LSB: MD monitoring daemon.
[[0;32m  OK  [0m] Started LSB: Record successful boot for GRUB.
[[0;32m  OK  [0m] Started Login Service.
         Starting Authenticate and Authorize Users to Run Privileged Tasks...
[[0;32m  OK  [0m] Reached target Remote File Systems (Pre).
[[0;32m  OK  [0m] Reached target Remote File Systems.
         Starting Permit User Sessions...
         Starting LSB: daemon to balance interrupts for SMP systems...
         Starting LSB: automatic crash report generation...
         Starting LSB: Set the CPU Frequency Scaling governor to "ondemand"...
         Starting LSB: VirtualBox Linux Additions...
[[0;32m  OK  [0m] Started Permit User Sessions.
[[0;32m  OK  [0m] Started Authenticate and Authorize Users to Run Privileged Tasks.
[[0;32m  OK  [0m] Started Accounts Service.
         Starting Terminate Plymouth Boot Screen...
         Starting Hold until boot process finishes up...
[[0;32m  OK  [0m] Started LSB: Set the CPU Frequency Scaling governor to "ondemand".
[[0;32m  OK  [0m] Started LSB: daemon to balance interrupts for SMP systems.
[[0;32m  OK  [0m] Started LSB: automatic crash report generation.
[[0;32m  OK  [0m] Started Apply the settings specified in cloud-config.
[[0;32m  OK  [0m] Started LSB: VirtualBox Linux Additions.
[[0;32m  OK  [0m] Started Terminate Plymouth Boot Screen.
[[0;32m  OK  [0m] Started Hold until boot process finishes up.
[   26.717698] cloud-init[1044]: Cloud-init v. 17.1 running 'modules:config' at Thu, 04 Jan 2018 15:35:52 +0000. Up 26.23 seconds.
[[0;32m  OK  [0m] Created slice User Slice of ubuntu.
         Starting User Manager for UID 1000...
[[0;32m  OK  [0m] Started Session 1 of user ubuntu.
         Starting Set console scheme...
[[0;32m  OK  [0m] Started Getty on tty1.
[[0;32m  OK  [0m] Started Serial Getty on ttyS0.
[[0;32m  OK  [0m] Reached target Login Prompts.
[[0;32m  OK  [0m] Reached target Multi-User System.
         Starting Execute cloud user/final scripts...
[[0;32m  OK  [0m] Reached target Graphical Interface.
         Starting Update UTMP about System Runlevel Changes...
[[0;32m  OK  [0m] Started User Manager for UID 1000.
[[0;32m  OK  [0m] Started Set console scheme.
[[0;32m  OK  [0m] Started Update UTMP about System Runlevel Changes.
[   27.873001] cloud-init[1213]: Cloud-init v. 17.1 running 'modules:final' at Thu, 04 Jan 2018 15:35:54 +0000. Up 27.60 seconds.
[   27.934763] cloud-init[1213]: Cloud-init v. 17.1 finished at Thu, 04 Jan 2018 15:35:54 +0000. Datasource DataSourceNoCloud [seed=/dev/sdb][dsmode=net].  Up 27.85 seconds
[[0;32m  OK  [0m] Started Execute cloud user/final scripts.
[[0;32m  OK  [0m] Reached target Cloud-init target.

Ubuntu 16.04.3 LTS ubuntu-xenial ttyS0

ubuntu-xenial login: 